0 info it worked if it ends with ok
1 verbose cli [ '/root/.nvm/versions/node/v6.5.0/bin/node',
1 verbose cli   '/root/.nvm/versions/node/v6.5.0/bin/npm',
1 verbose cli   'run',
1 verbose cli   'build' ]
2 info using npm@3.10.3
3 info using node@v6.5.0
4 verbose run-script [ 'prebuild', 'build', 'postbuild' ]
5 info lifecycle @dlpt/frontend@0.1.0~prebuild: @dlpt/frontend@0.1.0
6 silly lifecycle @dlpt/frontend@0.1.0~prebuild: no script for prebuild, continuing
7 info lifecycle @dlpt/frontend@0.1.0~build: @dlpt/frontend@0.1.0
8 verbose lifecycle @dlpt/frontend@0.1.0~build: unsafe-perm in lifecycle true
9 verbose lifecycle @dlpt/frontend@0.1.0~build: PATH: /root/.nvm/versions/node/v6.5.0/lib/node_modules/npm/bin/node-gyp-bin:/home/nb073/workspaces/choujiang/node_modules/.bin:/root/.nvm/versions/node/v6.5.0/bin:/home/nb073/benlv/android/jdk/jdk1.8.0_73/bin:/home/nb073/benlv/android/jdk/jdk1.8.0_73/jre/bin:/home/nb073/benlv/android/android-sdk-linux/android-sdk-linux/platform-tools:/home/nb073/benlv/android/android-sdk-linux/android-sdk-linux/tools:/root/.nvm/versions/node/v6.5.0/bin:/usr/local/heroku/bin:/usr/local/sbin:/usr/local/bin:/usr/sbin:/usr/bin:/sbin:/bin:/usr/games:/usr/local/games
10 verbose lifecycle @dlpt/frontend@0.1.0~build: CWD: /home/nb073/workspaces/choujiang
11 silly lifecycle @dlpt/frontend@0.1.0~build: Args: [ '-c', 'npm-run-all build-css build-js' ]
12 silly lifecycle @dlpt/frontend@0.1.0~build: Returned: code: 1  signal: null
13 info lifecycle @dlpt/frontend@0.1.0~build: Failed to exec build script
14 verbose stack Error: @dlpt/frontend@0.1.0 build: `npm-run-all build-css build-js`
14 verbose stack Exit status 1
14 verbose stack     at EventEmitter.<anonymous> (/root/.nvm/versions/node/v6.5.0/lib/node_modules/npm/lib/utils/lifecycle.js:242:16)
14 verbose stack     at emitTwo (events.js:106:13)
14 verbose stack     at EventEmitter.emit (events.js:191:7)
14 verbose stack     at ChildProcess.<anonymous> (/root/.nvm/versions/node/v6.5.0/lib/node_modules/npm/lib/utils/spawn.js:40:14)
14 verbose stack     at emitTwo (events.js:106:13)
14 verbose stack     at ChildProcess.emit (events.js:191:7)
14 verbose stack     at maybeClose (internal/child_process.js:877:16)
14 verbose stack     at Process.ChildProcess._handle.onexit (internal/child_process.js:226:5)
15 verbose pkgid @dlpt/frontend@0.1.0
16 verbose cwd /home/nb073/workspaces/choujiang
17 error Linux 3.13.0-129-generic
18 error argv "/root/.nvm/versions/node/v6.5.0/bin/node" "/root/.nvm/versions/node/v6.5.0/bin/npm" "run" "build"
19 error node v6.5.0
20 error npm  v3.10.3
21 error code ELIFECYCLE
22 error @dlpt/frontend@0.1.0 build: `npm-run-all build-css build-js`
22 error Exit status 1
23 error Failed at the @dlpt/frontend@0.1.0 build script 'npm-run-all build-css build-js'.
23 error Make sure you have the latest version of node.js and npm installed.
23 error If you do, this is most likely a problem with the @dlpt/frontend package,
23 error not with npm itself.
23 error Tell the author that this fails on your system:
23 error     npm-run-all build-css build-js
23 error You can get information on how to open an issue for this project with:
23 error     npm bugs @dlpt/frontend
23 error Or if that isn't available, you can get their info via:
23 error     npm owner ls @dlpt/frontend
23 error There is likely additional logging output above.
24 verbose exit [ 1, true ]
